<?xml version="1.0" encoding="UTF-8"?>
<testng-results skipped="0" failed="0" ignored="0" total="1" passed="1">
  <reporter-output>
  </reporter-output>
  <suite name="Surefire suite" duration-ms="7220" started-at="2018-02-06T21:10:12Z" finished-at="2018-02-06T21:10:20Z">
    <groups>
    </groups>
    <test name="Surefire test" duration-ms="7220" started-at="2018-02-06T21:10:12Z" finished-at="2018-02-06T21:10:20Z">
      <class name="com.taskschedular.GoogleTest">
        <test-method status="PASS" signature="luanchBrowser()[pri:0, instance:com.taskschedular.GoogleTest@7e0ea639]" name="luanchBrowser" duration-ms="7203" started-at="2018-02-07T10:10:12Z" finished-at="2018-02-07T10:10:20Z">
          <reporter-output>
          </reporter-output>
        </test-method> <!-- luanchBrowser -->
      </class> <!-- com.taskschedular.GoogleTest -->
    </test> <!-- Surefire test -->
  </suite> <!-- Surefire suite -->
</testng-results>
